<?xml version="1.0" encoding="UTF-8"?>
<!-- Generated by org.testng.reporters.JUnitXMLReporter -->
<testsuite hostname="sony-VAIO" name="Take Response As List" tests="3" failures="0" timestamp="3 Dec 2019 16:50:30 GMT" time="15.486" errors="0">
  <testcase name="fetchValuesAsList" time="0.026" classname="com.restAssuredTestCases.ResponseAsList"/>
  <testcase name="testFetchValueAsClass" time="11.342" classname="com.restAssuredTestCases.ResponseAsList"/>
  <testcase name="testFetchValueAsList" time="2.482" classname="com.restAssuredTestCases.ResponseAsList"/>
</testsuite> <!-- Take Response As List -->
