<?xml version="1.0" encoding="UTF-8"?>
<!-- Generated by org.testng.reporters.JUnitXMLReporter -->
<testsuite hostname="sony-VAIO" name="WeatherTC" tests="8" failures="1" timestamp="1 Dec 2019 17:38:54 GMT" time="7.832" errors="0">
  <testcase name="checkResponseBody" time="0.084" classname="com.restAssuredTestCases.WeatherTC"/>
  <testcase name="checkStatusCode" time="0.014" classname="com.restAssuredTestCases.WeatherTC"/>
  <testcase name="checkResponseTime" time="0.016" classname="com.restAssuredTestCases.WeatherTC">
    <skipped/>
  </testcase> <!-- checkResponseTime -->
  <testcase name="checkResponseTime" time="0.008" classname="com.restAssuredTestCases.WeatherTC">
    <failure type="java.lang.AssertionError" message="expected [true] but found [false]">
      <![CDATA[java.lang.AssertionError: expected [true] but found [false]
	at com.restAssuredTestCases.WeatherTC.checkResponseTime(WeatherTC.java:58)
... Removed 29 stack frames]]>
    </failure>
  </testcase> <!-- checkResponseTime -->
  <testcase name="checkStatusLine" time="0.006" classname="com.restAssuredTestCases.WeatherTC"/>
  <testcase name="checkContentType" time="0.008" classname="com.restAssuredTestCases.WeatherTC"/>
  <testcase name="checkContentEncoding" time="0.01" classname="com.restAssuredTestCases.WeatherTC"/>
  <testcase name="checkServerTytpe" time="0.004" classname="com.restAssuredTestCases.WeatherTC"/>
</testsuite> <!-- WeatherTC -->
