<?xml version="1.0" encoding="UTF-8"?>
<testng-results skipped="0" failed="0" total="3" passed="3">
  <reporter-output>
  </reporter-output>
  <suite name="Employee API Suite" duration-ms="15486" started-at="2019-12-03T16:50:14Z" finished-at="2019-12-03T16:50:29Z">
    <groups>
    </groups>
    <test name="Take Response As List" duration-ms="15486" started-at="2019-12-03T16:50:14Z" finished-at="2019-12-03T16:50:29Z">
      <class name="com.restAssuredTestCases.ResponseAsList">
        <test-method status="PASS" signature="setUp(java.lang.String)[pri:0, instance:com.restAssuredTestCases.ResponseAsList@16267862]" name="setUp" is-config="true" duration-ms="1533" started-at="2019-12-03T22:20:14Z" finished-at="2019-12-03T22:20:16Z">
          <params>
            <param index="0">
              <value>
                <![CDATA[ResponseAsListUrl]]>
              </value>
            </param>
          </params>
          <reporter-output>
          </reporter-output>
        </test-method> <!-- setUp -->
        <test-method status="PASS" signature="fetchValuesAsList()[pri:0, instance:com.restAssuredTestCases.ResponseAsList@16267862]" name="fetchValuesAsList" duration-ms="26" started-at="2019-12-03T22:20:16Z" finished-at="2019-12-03T22:20:16Z">
          <reporter-output>
          </reporter-output>
        </test-method> <!-- fetchValuesAsList -->
        <test-method status="PASS" signature="testFetchValueAsClass()[pri:0, instance:com.restAssuredTestCases.ResponseAsList@16267862]" name="testFetchValueAsClass" duration-ms="11342" started-at="2019-12-03T22:20:16Z" finished-at="2019-12-03T22:20:27Z">
          <reporter-output>
          </reporter-output>
        </test-method> <!-- testFetchValueAsClass -->
        <test-method status="PASS" signature="testFetchValueAsList()[pri:0, instance:com.restAssuredTestCases.ResponseAsList@16267862]" name="testFetchValueAsList" duration-ms="2482" started-at="2019-12-03T22:20:27Z" finished-at="2019-12-03T22:20:29Z">
          <reporter-output>
          </reporter-output>
        </test-method> <!-- testFetchValueAsList -->
        <test-method status="PASS" signature="tearDown()[pri:0, instance:com.restAssuredTestCases.ResponseAsList@16267862]" name="tearDown" is-config="true" duration-ms="1" started-at="2019-12-03T22:20:29Z" finished-at="2019-12-03T22:20:29Z">
          <reporter-output>
          </reporter-output>
        </test-method> <!-- tearDown -->
      </class> <!-- com.restAssuredTestCases.ResponseAsList -->
    </test> <!-- Take Response As List -->
  </suite> <!-- Employee API Suite -->
</testng-results>
